Streaming transaction logs mentioning 5QWdVhYaHiwtXLrbzRwMUmvFJuCL2MHkfza3ro3RuQnE. Confirmed commitment
Transaction executed in slot 125491635:
  Signature: 5VRtADWA19XDzLZjzE5vzCtYbKxMXGwfjkepXoDMo4L4SeEoq9eg9juM3qX7gV4AnQF5hMebTEQSJzjRckqpZYis
  Status: Ok
  Log Messages:
    Program 5QWdVhYaHiwtXLrbzRwMUmvFJuCL2MHkfza3ro3RuQnE invoke [1]
    Program log: Instruction: CollectFull
    Program TokenkegQfeZyiNwAJbNbGKPFXCWuBvf9Ss623VQ5DA invoke [2]
    Program log: Instruction: MintTo
    Program TokenkegQfeZyiNwAJbNbGKPFXCWuBvf9Ss623VQ5DA consumed 2613 of 185500 compute units
    Program TokenkegQfeZyiNwAJbNbGKPFXCWuBvf9Ss623VQ5DA success
    Program 5QWdVhYaHiwtXLrbzRwMUmvFJuCL2MHkfza3ro3RuQnE consumed 19724 of 200000 compute units
    Program 5QWdVhYaHiwtXLrbzRwMUmvFJuCL2MHkfza3ro3RuQnE success
Transaction executed in slot 125491639:
  Signature: JjqV67Zik1gD9dtq99qfqT8i9634sd4po5wKoAwjPAQ3jNSs3kfP3W3PT8JNeRzMy5ZWsnkAK5RyrzNJLHTPv6c
  Status: Ok
  Log Messages:
    Program 5QWdVhYaHiwtXLrbzRwMUmvFJuCL2MHkfza3ro3RuQnE invoke [1]
    Program log: Instruction: Unstake
    Program TokenkegQfeZyiNwAJbNbGKPFXCWuBvf9Ss623VQ5DA invoke [2]
    Program log: Instruction: Transfer
    Program TokenkegQfeZyiNwAJbNbGKPFXCWuBvf9Ss623VQ5DA consumed 2643 of 181832 compute units
    Program TokenkegQfeZyiNwAJbNbGKPFXCWuBvf9Ss623VQ5DA success
    Program TokenkegQfeZyiNwAJbNbGKPFXCWuBvf9Ss623VQ5DA invoke [2]
    Program log: Instruction: CloseAccount
    Program TokenkegQfeZyiNwAJbNbGKPFXCWuBvf9Ss623VQ5DA consumed 1839 of 175544 compute units
    Program TokenkegQfeZyiNwAJbNbGKPFXCWuBvf9Ss623VQ5DA success
    Program 5QWdVhYaHiwtXLrbzRwMUmvFJuCL2MHkfza3ro3RuQnE consumed 28030 of 200000 compute units
    Program 5QWdVhYaHiwtXLrbzRwMUmvFJuCL2MHkfza3ro3RuQnE success
